0 info it worked if it ends with ok
1 verbose cli [
1 verbose cli   'C:\\Program Files\\nodejs\\node.exe',
1 verbose cli   'C:\\Program Files\\nodejs\\node_modules\\npm\\bin\\npm-cli.js',
1 verbose cli   'install',
1 verbose cli   'bootstrap@4.6.1'
1 verbose cli ]
2 info using npm@6.14.10
3 info using node@v14.15.4
4 verbose npm-session a9dfe095f12a831c
5 silly install loadCurrentTree
6 silly install readLocalPackageData
7 http fetch GET 200 https://registry.npmjs.org/bootstrap 22ms (from cache)
8 silly registry:manifest no matching version for bootstrap@4.6.1 in the cache. Forcing revalidation.
9 http fetch GET 200 https://registry.npmjs.org/bootstrap 1115ms
10 silly fetchPackageMetaData error for bootstrap@4.6.1 No matching version found for bootstrap@4.6.1.
11 timing stage:rollbackFailedOptional Completed in 0ms
12 timing stage:runTopLevelLifecycles Completed in 3462ms
13 verbose type version
14 verbose stack bootstrap: No matching version found for bootstrap@4.6.1.
14 verbose stack     at pickManifest (C:\Program Files\nodejs\node_modules\npm\node_modules\npm-pick-manifest\index.js:122:13)
14 verbose stack     at C:\Program Files\nodejs\node_modules\npm\node_modules\pacote\lib\fetchers\registry\manifest.js:43:18
14 verbose stack     at tryCatcher (C:\Program Files\nodejs\node_modules\npm\node_modules\bluebird\js\release\util.js:16:23)
14 verbose stack     at Promise._settlePromiseFromHandler (C:\Program Files\nodejs\node_modules\npm\node_modules\bluebird\js\release\promise.js:517:31)
14 verbose stack     at Promise._settlePromise (C:\Program Files\nodejs\node_modules\npm\node_modules\bluebird\js\release\promise.js:574:18)
14 verbose stack     at Promise._settlePromise0 (C:\Program Files\nodejs\node_modules\npm\node_modules\bluebird\js\release\promise.js:619:10)
14 verbose stack     at Promise._settlePromises (C:\Program Files\nodejs\node_modules\npm\node_modules\bluebird\js\release\promise.js:699:18)
14 verbose stack     at _drainQueueStep (C:\Program Files\nodejs\node_modules\npm\node_modules\bluebird\js\release\async.js:138:12)
14 verbose stack     at _drainQueue (C:\Program Files\nodejs\node_modules\npm\node_modules\bluebird\js\release\async.js:131:9)
14 verbose stack     at Async._drainQueues (C:\Program Files\nodejs\node_modules\npm\node_modules\bluebird\js\release\async.js:147:5)
14 verbose stack     at Immediate.Async.drainQueues [as _onImmediate] (C:\Program Files\nodejs\node_modules\npm\node_modules\bluebird\js\release\async.js:17:14)
14 verbose stack     at processImmediate (internal/timers.js:461:21)
15 verbose cwd C:\Users\mriju\Documents\balolot-hzschechneejessamine\capstone-3\react-booking
16 verbose Windows_NT 10.0.19042
17 verbose argv "C:\\Program Files\\nodejs\\node.exe" "C:\\Program Files\\nodejs\\node_modules\\npm\\bin\\npm-cli.js" "install" "bootstrap@4.6.1"
18 verbose node v14.15.4
19 verbose npm  v6.14.10
20 error code ETARGET
21 error notarget No matching version found for bootstrap@4.6.1.
22 error notarget In most cases you or one of your dependencies are requesting
22 error notarget a package version that doesn't exist.
23 verbose exit [ 1, true ]
